2021-05-22 11:02:49.746  WARN 11272 --- [HikariPool-1 housekeeper] com.zaxxer.hikari.pool.HikariPool        : HikariPool-1 - Thread starvation or clock leap detected (housekeeper delta=11h11m57s409ms428µs100ns).
2021-05-22 11:57:45.542  INFO 11272 --- [http-nio-8081-exec-2] o.a.c.c.C.[.[localhost].[/SpringMVC]     : Initializing Spring DispatcherServlet 'dispatcherServlet'
2021-05-22 11:57:45.546  INFO 11272 --- [http-nio-8081-exec-2] o.s.web.servlet.DispatcherServlet        : Initializing Servlet 'dispatcherServlet'
2021-05-22 11:57:45.634  INFO 11272 --- [http-nio-8081-exec-2] o.s.web.servlet.DispatcherServlet        : Completed initialization in 88 ms
2021-05-22 12:03:03.205  INFO 11272 --- [RMI TCP Connection(75)-127.0.0.1] inMXBeanRegistrar$SpringApplicationAdmin : Application shutdown requested.
2021-05-22 12:03:03.209  INFO 11272 --- [RMI TCP Connection(75)-127.0.0.1] o.s.s.concurrent.ThreadPoolTaskExecutor  : Shutting down ExecutorService 'applicationTaskExecutor'
2021-05-22 12:03:03.209  INFO 11272 --- [RMI TCP Connection(75)-127.0.0.1] j.LocalContainerEntityManagerFactoryBean : Closing JPA EntityManagerFactory for persistence unit 'default'
2021-05-22 12:03:03.217  INFO 11272 --- [RMI TCP Connection(75)-127.0.0.1] com.zaxxer.hikari.HikariDataSource       : HikariPool-1 - Shutdown initiated...
2021-05-22 12:03:03.221  INFO 11272 --- [RMI TCP Connection(75)-127.0.0.1] com.zaxxer.hikari.HikariDataSource       : HikariPool-1 - Shutdown completed.
2021-05-22 12:03:25.368  INFO 1300 --- [main] SpringBootCoreDataJpaMvcRest1Application : Starting TimesheetSpringBootCoreDataJpaMvcRest1Application on F-Jawher with PID 1300 (C:\Users\F.Jawher\3CINFOGL1-CI\target\classes started by F.Jawher in C:\Users\F.Jawher\3CINFOGL1-CI)
2021-05-22 12:03:25.373  INFO 1300 --- [main] SpringBootCoreDataJpaMvcRest1Application : No active profile set, falling back to default profiles: default
2021-05-22 12:03:26.148  INFO 1300 --- [main] .s.d.r.c.RepositoryConfigurationDelegate : Bootstrapping Spring Data repositories in DEFAULT mode.
2021-05-22 12:03:26.238  INFO 1300 --- [main] .s.d.r.c.RepositoryConfigurationDelegate : Finished Spring Data repository scanning in 86ms. Found 6 repository interfaces.
2021-05-22 12:03:26.638  INFO 1300 --- [main] trationDelegate$BeanPostProcessorChecker : Bean 'org.springframework.transaction.annotation.ProxyTransactionManagementConfiguration' of type [org.springframework.transaction.annotation.ProxyTransactionManagementConfiguration$$EnhancerBySpringCGLIB$$e695b60b] is not eligible for getting processed by all BeanPostProcessors (for example: not eligible for auto-proxying)
2021-05-22 12:03:27.013  INFO 1300 --- [main] o.s.b.w.embedded.tomcat.TomcatWebServer  : Tomcat initialized with port(s): 8081 (http)
2021-05-22 12:03:27.037  INFO 1300 --- [main] o.apache.catalina.core.StandardService   : Starting service [Tomcat]
2021-05-22 12:03:27.037  INFO 1300 --- [main] org.apache.catalina.core.StandardEngine  : Starting Servlet engine: [Apache Tomcat/9.0.17]
2021-05-22 12:03:27.347  INFO 1300 --- [main] o.a.c.c.C.[.[localhost].[/SpringMVC]     : Initializing Spring embedded WebApplicationContext
2021-05-22 12:03:27.347  INFO 1300 --- [main] o.s.web.context.ContextLoader            : Root WebApplicationContext: initialization completed in 1925 ms
2021-05-22 12:03:27.527  INFO 1300 --- [main] com.zaxxer.hikari.HikariDataSource       : HikariPool-1 - Starting...
2021-05-22 12:03:27.703  INFO 1300 --- [main] com.zaxxer.hikari.HikariDataSource       : HikariPool-1 - Start completed.
2021-05-22 12:03:27.768  INFO 1300 --- [main] o.hibernate.jpa.internal.util.LogHelper  : HHH000204: Processing PersistenceUnitInfo [
	name: default
	...]
2021-05-22 12:03:27.878  INFO 1300 --- [main] org.hibernate.Version                    : HHH000412: Hibernate Core {5.3.9.Final}
2021-05-22 12:03:27.878  INFO 1300 --- [main] org.hibernate.cfg.Environment            : HHH000206: hibernate.properties not found
2021-05-22 12:03:28.047  INFO 1300 --- [main] o.hibernate.annotations.common.Version   : HCANN000001: Hibernate Commons Annotations {5.0.4.Final}
2021-05-22 12:03:28.198  INFO 1300 --- [main] org.hibernate.dialect.Dialect            : HHH000400: Using dialect: org.hibernate.dialect.MySQL5Dialect
2021-05-22 12:03:30.008  INFO 1300 --- [main] j.LocalContainerEntityManagerFactoryBean : Initialized JPA EntityManagerFactory for persistence unit 'default'
2021-05-22 12:03:30.438  INFO 1300 --- [main] o.h.h.i.QueryTranslatorFactoryInitiator  : HHH000397: Using ASTQueryTranslatorFactory
2021-05-22 12:03:31.103  INFO 1300 --- [main] o.s.s.concurrent.ThreadPoolTaskExecutor  : Initializing ExecutorService 'applicationTaskExecutor'
2021-05-22 12:03:31.157  WARN 1300 --- [main] aWebConfiguration$JpaWebMvcConfiguration : spring.jpa.open-in-view is enabled by default. Therefore, database queries may be performed during view rendering. Explicitly configure spring.jpa.open-in-view to disable this warning
2021-05-22 12:03:31.426  INFO 1300 --- [main] o.s.b.w.embedded.tomcat.TomcatWebServer  : Tomcat started on port(s): 8081 (http) with context path '/SpringMVC'
2021-05-22 12:03:31.428  INFO 1300 --- [main] SpringBootCoreDataJpaMvcRest1Application : Started TimesheetSpringBootCoreDataJpaMvcRest1Application in 6.472 seconds (JVM running for 7.206)
2021-05-22 12:04:34.767  INFO 1300 --- [http-nio-8081-exec-1] o.a.c.c.C.[.[localhost].[/SpringMVC]     : Initializing Spring DispatcherServlet 'dispatcherServlet'
2021-05-22 12:04:34.771  INFO 1300 --- [http-nio-8081-exec-1] o.s.web.servlet.DispatcherServlet        : Initializing Servlet 'dispatcherServlet'
2021-05-22 12:04:34.793  INFO 1300 --- [http-nio-8081-exec-1] o.s.web.servlet.DispatcherServlet        : Completed initialization in 22 ms
2021-05-22 12:04:35.199  INFO 1300 --- [http-nio-8081-exec-1] t.e.s.services.EntrepriseServiceImpl     : Entreprise added successfully
